[debug] [2023-04-27T05:39:08.178Z] ----------------------------------------------------------------------
[debug] [2023-04-27T05:39:08.182Z] Command:       C:\Program Files\nodejs\node.exe C:\Users\User\AppData\Roaming\npm\node_modules\firebase-tools\lib\bin\firebase.js init
[debug] [2023-04-27T05:39:08.182Z] CLI Version:   11.28.0
[debug] [2023-04-27T05:39:08.183Z] Platform:      win32
[debug] [2023-04-27T05:39:08.183Z] Node Version:  v18.16.0
[debug] [2023-04-27T05:39:08.185Z] Time:          Wed Apr 26 2023 22:39:08 GMT-0700 (Pacific Daylight Time)
[debug] [2023-04-27T05:39:08.186Z] ----------------------------------------------------------------------
[debug] 
[debug] [2023-04-27T05:39:08.198Z] > command requires scopes: ["email","openid","https://www.googleapis.com/auth/cloudplatformprojects.readonly","https://www.googleapis.com/auth/firebase","https://www.googleapis.com/auth/cloud-platform"]
[debug] [2023-04-27T05:39:08.198Z] > authorizing via signed-in user (christopher.eugene.rodriguez@gmail.com)
[info] 
     ######## #### ########  ######## ########     ###     ######  ########
     ##        ##  ##     ## ##       ##     ##  ##   ##  ##       ##
     ######    ##  ########  ######   ########  #########  ######  ######
     ##        ##  ##    ##  ##       ##     ## ##     ##       ## ##
     ##       #### ##     ## ######## ########  ##     ##  ######  ########

You're about to initialize a Firebase project in this directory:

  D:\Work\inu-cash\website

[info] 
=== Project Setup
[info] 
[info] First, let's associate this project directory with a Firebase project.
[info] You can create multiple project aliases by running firebase use --add, 
[info] but for now we'll just set up a default project.
[info] 
[debug] [2023-04-27T05:39:43.629Z] > refreshing access token with scopes: []
[debug] [2023-04-27T05:39:43.631Z] >>> [apiv2][query] POST https://www.googleapis.com/oauth2/v3/token [none]
[debug] [2023-04-27T05:39:43.631Z] >>> [apiv2][body] POST https://www.googleapis.com/oauth2/v3/token [omitted]
[debug] [2023-04-27T05:39:44.255Z] <<< [apiv2][status] POST https://www.googleapis.com/oauth2/v3/token 200
[debug] [2023-04-27T05:39:44.255Z] <<< [apiv2][body] POST https://www.googleapis.com/oauth2/v3/token [omitted]
[debug] [2023-04-27T05:39:44.271Z] >>> [apiv2][query] GET https://firebase.googleapis.com/v1beta1/projects pageSize=100
[debug] [2023-04-27T05:39:44.900Z] <<< [apiv2][status] GET https://firebase.googleapis.com/v1beta1/projects 200
[debug] [2023-04-27T05:39:44.901Z] <<< [apiv2][body] GET https://firebase.googleapis.com/v1beta1/projects [omitted]
[info] i  Using project inucash (inu-cash) 
[info] 
=== Hosting Setup
[debug] [2023-04-27T05:40:19.716Z] Error: No development or default configutation found for serve.
    at getContext (C:\Users\User\AppData\Roaming\npm\node_modules\firebase-tools\lib\frameworks\angular\index.js:264:19)
    at async discover (C:\Users\User\AppData\Roaming\npm\node_modules\firebase-tools\lib\frameworks\angular\index.js:21:30)
    at async discover (C:\Users\User\AppData\Roaming\npm\node_modules\firebase-tools\lib\frameworks\index.js:85:32)
    at async doSetup (C:\Users\User\AppData\Roaming\npm\node_modules\firebase-tools\lib\init\features\hosting\index.js:21:11)
    at async init (C:\Users\User\AppData\Roaming\npm\node_modules\firebase-tools\lib\init\index.js:37:9)
[error] 
[error] Error: An unexpected error has occurred.
